Base path: /Applications/Unity 2017.4.1/Unity 2017.4.1.app/Contents
Cmd: initializeCompiler
Cmd: compileComputeKernel
  api=14 insize=2057 outsize=789 ok=1
Cmd: translateComputeKernel
  api=14 insize=2149 outsize=3865 ok=1
Cmd: translateComputeKernel
  api=14 insize=1373 outsize=1545 ok=1
Cmd: compileComputeKernel
  api=14 insize=7328 outsize=10693 ok=1
Cmd: compileComputeKernel
  api=15 insize=5004 outsize=17253 ok=1
Cmd: compileComputeKernel
  api=15 insize=9164 outsize=15905 ok=1
Cmd: translateComputeKernel
  api=14 insize=9705 outsize=16581 ok=1
Cmd: translateComputeKernel
  api=14 insize=7001 outsize=13517 ok=1
Cmd: compileComputeKernel
  api=15 insize=1804 outsize=3601 ok=1
Cmd: compileComputeKernel
  api=15 insize=1633 outsize=1801 ok=1

Quitting shader compiler process
